<?xml version="1.0" encoding="UTF-8"?>
<!-- Generated by org.testng.reporters.JUnitXMLReporter -->
<testsuite ignored="0" hostname="MLTBH11442" failures="1" tests="2" name="Surefire test" time="0.289" errors="0" timestamp="2024-06-30T15:08:23 BST">
  <testcase classname="io.cucumber.testng.AbstractTestNGCucumberTests" name="runScenario" time="0.071">
    <failure type="java.lang.NullPointerException" message="Cannot invoke &amp;quot;java.util.Properties.getProperty(String)&amp;quot; because &amp;quot;Utils.Config.PROPERTIES&amp;quot; is null">
      <![CDATA[java.lang.NullPointerException: Cannot invoke "java.util.Properties.getProperty(String)" because "Utils.Config.PROPERTIES" is null
at Utils.Config.getPropertyWithException(Config.java:29)
at StepDefs.HomePageStepDefs.navigateToHomePage(HomePageStepDefs.java:27)
at ✽.I am on the homepage(file:///Applications/PLT%20E-commerce%20Automation%20Framework%20copy/src/test/resources/features/HomePage.feature:4)
]]>
    </failure>
  </testcase> <!-- runScenario -->
  <testcase classname="io.cucumber.testng.AbstractTestNGCucumberTests" name="runScenario" time="0.002"/>
</testsuite> <!-- Surefire test -->
