<?xml version="1.0" encoding="UTF-8"?>
<testng-results ignored="0" total="2" passed="1" failed="1" skipped="0">
  <reporter-output>
  </reporter-output>
  <suite started-at="2024-06-30T15:08:23 BST" name="Surefire suite" finished-at="2024-06-30T15:08:23 BST" duration-ms="289">
    <groups>
      <group name="cucumber">
        <method signature="AbstractTestNGCucumberTests.runScenario(io.cucumber.testng.PickleWrapper,io.cucumber.testng.FeatureWrapper)[pri:0, instance:StepDefs.RunCucumberTest@7219ec67]" name="runScenario" class="io.cucumber.testng.AbstractTestNGCucumberTests"/>
      </group> <!-- cucumber -->
    </groups>
    <test started-at="2024-06-30T15:08:23 BST" name="Surefire test" finished-at="2024-06-30T15:08:23 BST" duration-ms="289">
      <class name="StepDefs.RunCucumberTest">
        <test-method is-config="true" signature="setUpClass(org.testng.ITestContext)[pri:0, instance:StepDefs.RunCucumberTest@7219ec67]" started-at="2024-06-30T15:08:23 BST" name="setUpClass" finished-at="2024-06-30T15:08:23 BST" duration-ms="181" status="PASS">
          <params>
            <param index="0">
              <value>
                <![CDATA[org.testng.TestRunner@172b013]]>
              </value>
            </param>
          </params>
          <reporter-output>
          </reporter-output>
        </test-method> <!-- setUpClass -->
        <test-method signature="runScenario(io.cucumber.testng.PickleWrapper,io.cucumber.testng.FeatureWrapper)[pri:0, instance:StepDefs.RunCucumberTest@7219ec67]" started-at="2024-06-30T15:08:23 BST" name="runScenario" description="Runs Cucumber Scenarios" data-provider="scenarios" finished-at="2024-06-30T15:08:23 BST" duration-ms="71" status="FAIL">
          <params>
            <param index="0">
              <value>
                <![CDATA["Adding Product to Bag"]]>
              </value>
            </param>
            <param index="1">
              <value>
                <![CDATA["Login Page Functionality"]]>
              </value>
            </param>
          </params>
          <exception class="java.lang.NullPointerException">
            <message>
              <![CDATA[Cannot invoke "java.util.Properties.getProperty(String)" because "Utils.Config.PROPERTIES" is null]]>
            </message>
            <full-stacktrace>
              <![CDATA[java.lang.NullPointerException: Cannot invoke "java.util.Properties.getProperty(String)" because "Utils.Config.PROPERTIES" is null
at Utils.Config.getPropertyWithException(Config.java:29)
at StepDefs.HomePageStepDefs.navigateToHomePage(HomePageStepDefs.java:27)
at ✽.I am on the homepage(file:///Applications/PLT%20E-commerce%20Automation%20Framework%20copy/src/test/resources/features/HomePage.feature:4)
]]>
            </full-stacktrace>
          </exception> <!-- java.lang.NullPointerException -->
          <reporter-output>
          </reporter-output>
        </test-method> <!-- runScenario -->
        <test-method signature="runScenario(io.cucumber.testng.PickleWrapper,io.cucumber.testng.FeatureWrapper)[pri:0, instance:StepDefs.RunCucumberTest@7219ec67]" started-at="2024-06-30T15:08:23 BST" name="runScenario" description="Runs Cucumber Scenarios" data-provider="scenarios" finished-at="2024-06-30T15:08:23 BST" duration-ms="2" status="PASS">
          <params>
            <param index="0">
              <value>
                <![CDATA["Successful Checkout with Items in Cart"]]>
              </value>
            </param>
            <param index="1">
              <value>
                <![CDATA["Shopping Cart Checkout"]]>
              </value>
            </param>
          </params>
          <reporter-output>
          </reporter-output>
        </test-method> <!-- runScenario -->
        <test-method is-config="true" signature="tearDownClass()[pri:0, instance:StepDefs.RunCucumberTest@7219ec67]" started-at="2024-06-30T15:08:23 BST" name="tearDownClass" finished-at="2024-06-30T15:08:23 BST" duration-ms="2" status="PASS">
          <reporter-output>
          </reporter-output>
        </test-method> <!-- tearDownClass -->
      </class> <!-- StepDefs.RunCucumberTest -->
    </test> <!-- Surefire test -->
  </suite> <!-- Surefire suite -->
</testng-results>
