<?xml version="1.0" encoding="UTF-8"?>
<!-- Generated by org.testng.reporters.JUnitReportReporter -->
<testsuite hostname="MLTBH11442" failures="0" tests="2" name="StepDefs.RunCucumberTest" time="0.073" errors="1" timestamp="2024-06-30T15:08:23 BST" skipped="0">
  <testcase classname="StepDefs.RunCucumberTest" name="runScenario" time="0.002"/>
  <testcase classname="StepDefs.RunCucumberTest" name="runScenario" time="0.071">
    <error message="Cannot invoke &quot;java.util.Properties.getProperty(String)&quot; because &quot;Utils.Config.PROPERTIES&quot; is null" type="java.lang.NullPointerException">
      <![CDATA[java.lang.NullPointerException: Cannot invoke "java.util.Properties.getProperty(String)" because "Utils.Config.PROPERTIES" is null
at Utils.Config.getPropertyWithException(Config.java:29)
at StepDefs.HomePageStepDefs.navigateToHomePage(HomePageStepDefs.java:27)
at ✽.I am on the homepage(file:///Applications/PLT%20E-commerce%20Automation%20Framework%20copy/src/test/resources/features/HomePage.feature:4)
]]>
    </error>
  </testcase> <!-- runScenario -->
</testsuite> <!-- StepDefs.RunCucumberTest -->
